<?xml version="1.0" encoding="UTF-8"?>
<!-- Generated by org.testng.reporters.JUnitReportReporter -->
<testsuite hostname="asplap174" failures="0" tests="1" name="com.api.seleniumng.resassured.local.simple.examples.Test01_GET" time="5.674" errors="0" timestamp="08 Mar 2021 10:29:59 GMT" skipped="0">
  <testcase classname="com.api.seleniumng.resassured.local.simple.examples.Test01_GET" name="test_get" time="5.674"/>
</testsuite> <!-- com.api.seleniumng.resassured.local.simple.examples.Test01_GET -->
