<?xml version="1.0" encoding="UTF-8"?>
<!-- Generated by org.testng.reporters.JUnitReportReporter -->
<testsuite hostname="asplap174" failures="0" tests="2" name="com.api.seleniumng.resassured.local.simple.exmaples.datadriven.Test01_POST" time="4.464" errors="0" timestamp="08 Mar 2021 12:31:03 GMT" skipped="0">
  <testcase classname="com.api.seleniumng.resassured.local.simple.exmaples.datadriven.Test01_POST" name="test_post" time="0.044"/>
  <testcase classname="com.api.seleniumng.resassured.local.simple.exmaples.datadriven.Test01_POST" name="test_post" time="4.420"/>
</testsuite> <!-- com.api.seleniumng.resassured.local.simple.exmaples.datadriven.Test01_POST -->
