<?xml version="1.0" encoding="UTF-8"?>
<!-- Generated by org.testng.reporters.JUnitReportReporter -->
<testsuite hostname="asplap174" failures="0" tests="1" name="com.api.seleniumng.resassured.web.simple.exmaples.Test02_GET" time="5.195" errors="0" timestamp="08 Mar 2021 10:55:27 GMT" skipped="0">
  <testcase classname="com.api.seleniumng.resassured.web.simple.exmaples.Test02_GET" name="test_01" time="5.195"/>
</testsuite> <!-- com.api.seleniumng.resassured.web.simple.exmaples.Test02_GET -->
