<?xml version="1.0" encoding="UTF-8"?>
<!-- Generated by org.testng.reporters.JUnitReportReporter -->
<testsuite hostname="asplap174" failures="0" tests="1" name="com.api.seleniumng.resassured.web.simple.exmaples.Test05_PATCH" time="4.834" errors="0" timestamp="08 Mar 2021 10:59:50 GMT" skipped="0">
  <testcase classname="com.api.seleniumng.resassured.web.simple.exmaples.Test05_PATCH" name="test_patch" time="4.834"/>
</testsuite> <!-- com.api.seleniumng.resassured.web.simple.exmaples.Test05_PATCH -->
