<?xml version="1.0" encoding="UTF-8"?>
<!-- Generated by org.testng.reporters.JUnitReportReporter -->
<testsuite hostname="asplap174" failures="0" tests="3" name="com.api.seleniumng.resassured.web.simple.exmaples.Test01_GET" time="4.484" errors="0" timestamp="08 Mar 2021 10:39:17 GMT" skipped="0">
  <testcase classname="com.api.seleniumng.resassured.web.simple.exmaples.Test01_GET" name="test_03" time="1.085"/>
  <testcase classname="com.api.seleniumng.resassured.web.simple.exmaples.Test01_GET" name="test_01" time="3.149"/>
  <testcase classname="com.api.seleniumng.resassured.web.simple.exmaples.Test01_GET" name="test_02" time="0.250"/>
</testsuite> <!-- com.api.seleniumng.resassured.web.simple.exmaples.Test01_GET -->
