<?xml version="1.0" encoding="UTF-8"?>
<!-- Generated by org.testng.reporters.JUnitReportReporter -->
<testsuite hostname="asplap174" failures="0" tests="1" name="com.api.seleniumng.resassured.web.simple.exmaples.Test04_PUT" time="3.578" errors="0" timestamp="08 Mar 2021 10:58:54 GMT" skipped="0">
  <testcase classname="com.api.seleniumng.resassured.web.simple.exmaples.Test04_PUT" name="test_4_post_withHeaders" time="3.578"/>
</testsuite> <!-- com.api.seleniumng.resassured.web.simple.exmaples.Test04_PUT -->
