<?xml version="1.0" encoding="UTF-8"?>
<!-- Generated by org.testng.reporters.JUnitReportReporter -->
<testsuite hostname="asplap174" failures="0" tests="1" name="com.api.seleniumng.resassured.local.simple.examples.Test02_POST" time="2.882" errors="0" timestamp="08 Mar 2021 10:32:03 GMT" skipped="0">
  <testcase classname="com.api.seleniumng.resassured.local.simple.examples.Test02_POST" name="test_post" time="2.882"/>
</testsuite> <!-- com.api.seleniumng.resassured.local.simple.examples.Test02_POST -->
