<?xml version="1.0" encoding="UTF-8"?>
<!-- Generated by org.testng.reporters.JUnitReportReporter -->
<testsuite hostname="asplap174" failures="0" tests="1" name="com.api.seleniumng.resassured.web.simple.exmaples.Test06_DELETE" time="3.665" errors="0" timestamp="08 Mar 2021 11:03:33 GMT" skipped="0">
  <testcase classname="com.api.seleniumng.resassured.web.simple.exmaples.Test06_DELETE" name="test_6_delete" time="3.665"/>
</testsuite> <!-- com.api.seleniumng.resassured.web.simple.exmaples.Test06_DELETE -->
