<?xml version="1.0" encoding="UTF-8"?>
<!-- Generated by org.testng.reporters.JUnitReportReporter -->
<testsuite hostname="asplap174" failures="0" tests="4" name="com.api.seleniumng.resassured.web.simple.exmaples.Test03_POST" time="4.356" errors="0" timestamp="08 Mar 2021 10:58:11 GMT" skipped="0">
  <testcase classname="com.api.seleniumng.resassured.web.simple.exmaples.Test03_POST" name="test_3_post" time="3.553"/>
  <testcase classname="com.api.seleniumng.resassured.web.simple.exmaples.Test03_POST" name="test_4_post_withHeaders" time="0.652"/>
  <testcase classname="com.api.seleniumng.resassured.web.simple.exmaples.Test03_POST" name="test_2_json" time="0.006"/>
  <testcase classname="com.api.seleniumng.resassured.web.simple.exmaples.Test03_POST" name="test_1_map" time="0.145"/>
</testsuite> <!-- com.api.seleniumng.resassured.web.simple.exmaples.Test03_POST -->
