<?xml version="1.0" encoding="UTF-8"?>
<!-- Generated by org.testng.reporters.JUnitReportReporter -->
<testsuite hostname="asplap174" failures="0" tests="1" name="com.api.seleniumng.resassured.local.simple.examples.Test03_PATCH" time="3.683" errors="0" timestamp="08 Mar 2021 10:33:25 GMT" skipped="0">
  <testcase classname="com.api.seleniumng.resassured.local.simple.examples.Test03_PATCH" name="test_patch" time="3.683"/>
</testsuite> <!-- com.api.seleniumng.resassured.local.simple.examples.Test03_PATCH -->
