<?xml version="1.0" encoding="UTF-8"?>
<!-- Generated by org.testng.reporters.JUnitReportReporter -->
<testsuite hostname="asplap174" failures="0" tests="1" name="com.api.seleniumng.resassured.local.simple.examples.Test05_DELETE" time="3.665" errors="0" timestamp="08 Mar 2021 10:37:52 GMT" skipped="0">
  <testcase classname="com.api.seleniumng.resassured.local.simple.examples.Test05_DELETE" name="test_delete" time="3.665"/>
</testsuite> <!-- com.api.seleniumng.resassured.local.simple.examples.Test05_DELETE -->
